\BOOKMARK [0][-]{chapter.1}{\376\377\000C\000l\000a\000s\000s\000i\000c\000a\000l\000\040\000C\000o\000m\000p\000u\000t\000a\000t\000i\000o\000n\000a\000l\000\040\000C\000o\000m\000p\000l\000e\000x\000i\000t\000y\000\040\000C\000a\000l\000c\000u\000l\000u\000s\000\040}{}% 1
\BOOKMARK [1][-]{section.1.1}{\376\377\000I\000n\000t\000r\000o\000d\000u\000c\000t\000i\000o\000n\000\040\000a\000n\000d\000\040\000M\000o\000t\000i\000v\000a\000t\000i\000o\000n}{chapter.1}% 2
\BOOKMARK [1][-]{section.1.2}{\376\377\000F\000a\000m\000i\000l\000y\000\040\000o\000f\000\040\000B\000a\000c\000h\000m\000a\000n\000n\040\023\000L\000a\000n\000d\000a\000u\000\040\000n\000o\000t\000a\000t\000i\000o\000n\000s}{chapter.1}% 3
\BOOKMARK [1][-]{section.1.3}{\376\377\000C\000o\000m\000m\000o\000n\000\040\000p\000r\000o\000p\000e\000r\000t\000i\000e\000s}{chapter.1}% 4
\BOOKMARK [1][-]{section.1.4}{\376\377\000A\000d\000d\000i\000t\000i\000o\000n\000\040\000p\000r\000o\000p\000e\000r\000t\000i\000e\000s}{chapter.1}% 5
\BOOKMARK [0][-]{chapter.2}{\376\377\000A\000\040\000r\000e\000f\000i\000n\000e\000d\000\040\000c\000o\000m\000p\000l\000e\000x\000i\000t\000y\000\040\000c\000a\000l\000c\000u\000l\000u\000s\000\040\000m\000o\000d\000e\000l\000:\000\040\000r\000-\000C\000o\000m\000p\000l\000e\000x\000i\000t\000y\000\040}{}% 6
\BOOKMARK [1][-]{section.2.1}{\376\377\000I\000n\000t\000r\000o\000d\000u\000c\000t\000i\000o\000n\000\040\000a\000n\000d\000\040\000M\000o\000t\000i\000v\000a\000t\000i\000o\000n}{chapter.2}% 7
\BOOKMARK [1][-]{section.2.2}{\376\377\000A\000d\000j\000u\000s\000t\000i\000n\000g\000\040\000t\000h\000e\000\040\000B\000a\000c\000h\000m\000a\000n\000n\040\023\000L\000a\000n\000d\000a\000u\000\040\000n\000o\000t\000a\000t\000i\000o\000n\000s\000\040\000f\000o\000r\000\040\000r\000C\000o\000m\000p\000l\000e\000x\000i\000t\000y\000\040\000C\000a\000l\000c\000u\000l\000u\000s}{chapter.2}% 8
\BOOKMARK [1][-]{section.2.3}{\376\377\000A\000s\000y\000m\000p\000t\000o\000t\000i\000c\000\040\000A\000n\000a\000l\000y\000s\000i\000s}{chapter.2}% 9
\BOOKMARK [1][-]{section.2.4}{\376\377\000C\000o\000m\000m\000o\000n\000\040\000p\000r\000o\000p\000e\000r\000t\000i\000e\000s}{chapter.2}% 10
\BOOKMARK [1][-]{section.2.5}{\376\377\000I\000n\000t\000e\000r\000d\000e\000p\000e\000n\000d\000e\000n\000c\000e\000\040\000p\000r\000o\000p\000e\000r\000t\000i\000e\000s}{chapter.2}% 11
\BOOKMARK [1][-]{section.2.6}{\376\377\000A\000d\000d\000i\000t\000i\000o\000n\000\040\000p\000r\000o\000p\000e\000r\000t\000i\000e\000s}{chapter.2}% 12
\BOOKMARK [0][-]{chapter.3}{\376\377\000C\000a\000l\000c\000u\000l\000u\000s\000\040\000i\000n\000\040\0001\000-\000C\000o\000m\000p\000l\000e\000x\000i\000t\000y}{}% 13
\BOOKMARK [1][-]{section.3.1}{\376\377\000I\000n\000t\000r\000o\000d\000u\000c\000t\000i\000o\000n\000\040\000a\000n\000d\000\040\000M\000o\000t\000i\000v\000a\000t\000i\000o\000n}{chapter.3}% 14
\BOOKMARK [1][-]{section.3.2}{\376\377\000M\000a\000i\000n\000\040\000n\000o\000t\000a\000t\000i\000o\000n\000s\000\040\000i\000n\000\040\0001\000-\000C\000o\000m\000p\000l\000e\000x\000i\000t\000y\000\040\000C\000a\000l\000c\000u\000l\000u\000s}{chapter.3}% 15
\BOOKMARK [1][-]{section.3.3}{\376\377\000A\000s\000y\000m\000p\000t\000o\000t\000i\000c\000\040\000A\000n\000a\000l\000y\000s\000i\000s}{chapter.3}% 16
\BOOKMARK [1][-]{section.3.4}{\376\377\000C\000o\000m\000m\000o\000n\000\040\000p\000r\000o\000p\000e\000r\000t\000i\000e\000s}{chapter.3}% 17
\BOOKMARK [1][-]{section.3.5}{\376\377\000A\000d\000d\000i\000t\000i\000o\000n\000\040\000p\000r\000o\000p\000e\000r\000t\000i\000e\000s}{chapter.3}% 18
\BOOKMARK [1][-]{section.3.6}{\376\377\000N\000o\000r\000m\000a\000l\000\040\000f\000o\000r\000m\000\040\000f\000u\000n\000c\000t\000i\000o\000n\000s}{chapter.3}% 19
\BOOKMARK [0][-]{chapter.4}{\376\377\000R\000e\000l\000a\000t\000i\000o\000n\000s\000h\000i\000p\000\040\000b\000e\000t\000w\000e\000e\000n\000\040\000A\000l\000g\000o\000r\000i\000t\000h\000m\000s\000\040\000a\000n\000d\000\040\000C\000o\000m\000p\000l\000e\000x\000i\000t\000y}{}% 20
\BOOKMARK [1][-]{section.4.1}{\376\377\000P\000r\000o\000b\000l\000e\000m\000s\000\040\000a\000n\000d\000\040\000A\000l\000g\000o\000r\000i\000t\000h\000m\000s}{chapter.4}% 21
\BOOKMARK [1][-]{section.4.2}{\376\377\000F\000r\000o\000m\000\040\000a\000l\000g\000o\000r\000i\000t\000h\000m\000\040\000t\000o\000\040\000N\000o\000r\000m\000a\000l\000i\000z\000e\000d\000\040\000r\000C\000o\000m\000p\000l\000e\000x\000i\000t\000y}{chapter.4}% 22
\BOOKMARK [1][-]{section.4.3}{\376\377\000E\000s\000t\000i\000m\000a\000t\000i\000n\000g\000\040\000c\000o\000m\000p\000u\000t\000a\000t\000i\000o\000n\000a\000l\000\040\000t\000i\000m\000e\000\040\000b\000a\000s\000e\000d\000\040\000o\000n\000\040\000N\000o\000r\000m\000a\000l\000i\000z\000e\000d\000\040\000r\000C\000o\000m\000p\000l\000e\000x\000i\000t\000y}{chapter.4}% 23
\BOOKMARK [1][-]{section.4.4}{\376\377\000C\000o\000m\000p\000a\000r\000i\000n\000g\000\040\000a\000l\000g\000o\000r\000i\000t\000h\000m\000s\000\040\000a\000s\000y\000m\000p\000t\000o\000t\000i\000c\000\040\000p\000e\000r\000f\000o\000r\000m\000a\000n\000c\000e\000s}{chapter.4}% 24
\BOOKMARK [1][-]{section.4.5}{\376\377\000C\000o\000m\000p\000a\000r\000i\000n\000g\000\040\000a\000l\000g\000o\000r\000i\000t\000h\000m\000s\000\040\000i\000n\000t\000e\000r\000v\000a\000l\000-\000b\000a\000s\000e\000d\000\040\000p\000e\000r\000f\000o\000r\000m\000a\000n\000c\000e\000s}{chapter.4}% 25
\BOOKMARK [0][-]{chapter.5}{\376\377\000r\000C\000o\000m\000p\000l\000e\000x\000i\000t\000y\000\040\000i\000n\000\040\000P\000r\000a\000c\000t\000i\000c\000e}{}% 26
\BOOKMARK [1][-]{section.5.1}{\376\377\000H\000u\000m\000a\000n\000-\000d\000r\000i\000v\000e\000n\000\040\000c\000a\000l\000c\000u\000l\000u\000s\000\040\000o\000f\000\040\000r\000C\000o\000m\000p\000l\000e\000x\000i\000t\000y}{chapter.5}% 27
\BOOKMARK [2][-]{subsection.5.1.1}{\376\377\000N\000-\000Q\000u\000e\000e\000n\000s\040\031\000\040\000P\000r\000o\000b\000l\000e\000m}{section.5.1}% 28
\BOOKMARK [1][-]{section.5.2}{\376\377\000A\000u\000t\000o\000m\000a\000t\000i\000c\000\040\000e\000s\000t\000i\000m\000a\000t\000i\000o\000n\000\040\000o\000f\000\040\000r\000C\000o\000m\000p\000l\000e\000x\000i\000t\000y}{chapter.5}% 29
\BOOKMARK [2][-]{subsection.5.2.1}{\376\377\000E\000s\000t\000i\000m\000a\000t\000i\000o\000n\000\040\000f\000o\000r\000\040\000a\000l\000g\000o\000r\000i\000t\000h\000m\000s\000\040\000w\000i\000t\000h\000\040\000k\000n\000o\000w\000n\000\040\000B\000a\000c\000h\000m\000a\000n\000n\040\023\000L\000a\000n\000d\000a\000u\000\040\000C\000o\000m\000p\000l\000e\000x\000i\000t\000y}{section.5.2}% 30
\BOOKMARK [2][-]{subsection.5.2.2}{\376\377\000E\000s\000t\000i\000m\000a\000t\000i\000o\000n\000\040\000f\000o\000r\000\040\000a\000l\000g\000o\000r\000i\000t\000h\000m\000s\000\040\000w\000i\000t\000h\000\040\000u\000n\000k\000n\000o\000w\000n\000\040\000B\000a\000c\000h\000m\000a\000n\000n\040\023\000L\000a\000n\000d\000a\000u\000\040\000C\000o\000m\000p\000l\000e\000x\000i\000t\000y}{section.5.2}% 31
\BOOKMARK [1][-]{section.5.3}{\376\377\000M\000a\000t\000r\000i\000x\000\040\000m\000u\000l\000t\000i\000p\000l\000i\000c\000a\000t\000i\000o\000n}{chapter.5}% 32
\BOOKMARK [2][-]{subsection.5.3.1}{\376\377\000N\000a\000i\000v\000e\000\040\000a\000n\000d\000\040\000o\000p\000t\000i\000m\000i\000z\000e\000d\000\040\000i\000m\000p\000l\000e\000m\000e\000n\000t\000a\000t\000i\000o\000n\000s}{section.5.3}% 33
\BOOKMARK [2][-]{subsection.5.3.2}{\376\377\000S\000t\000r\000a\000s\000s\000e\000n\000\040\000i\000m\000p\000l\000e\000m\000e\000n\000t\000a\000t\000i\000o\000n}{section.5.3}% 34
\BOOKMARK [2][-]{subsection.5.3.3}{\376\377\000M\000e\000m\000o\000r\000y\000\040\000c\000o\000n\000s\000i\000d\000e\000r\000a\000t\000i\000o\000n\000s}{section.5.3}% 35
\BOOKMARK [1][-]{section.5.4}{\376\377\000F\000u\000r\000t\000h\000e\000r\000\040\000r\000e\000a\000d\000i\000n\000g}{chapter.5}% 36
\BOOKMARK [0][-]{chapter.6}{\376\377\000T\000h\000e\000\040\000w\000e\000b\000\040\000o\000f\000\040\000c\000o\000m\000p\000l\000e\000x\000i\000t\000i\000e\000s}{}% 37
\BOOKMARK [1][-]{section.6.1}{\376\377\000M\000o\000d\000e\000r\000n\000\040\000m\000e\000a\000n\000s\000\040\000o\000f\000\040\000c\000o\000m\000p\000u\000t\000i\000n\000g}{chapter.6}% 38
\BOOKMARK [1][-]{section.6.2}{\376\377\000H\000T\000T\000P\000\040\000r\000e\000q\000u\000e\000s\000t\000s\000\040\000a\000n\000d\000\040\000a\000l\000g\000o\000r\000i\000t\000h\000m\000\040\000c\000o\000m\000p\000l\000e\000x\000i\000t\000y}{chapter.6}% 39
\BOOKMARK [1][-]{section.6.3}{\376\377\000E\000m\000p\000i\000r\000i\000c\000a\000l\000\040\000B\000i\000g\000\040\000r\000-\000C\000o\000m\000p\000l\000e\000x\000i\000t\000y\000\040\000e\000s\000t\000i\000m\000a\000t\000i\000o\000n\000s\000\040\000f\000o\000r\000\040\000w\000e\000b\000\040\000r\000e\000s\000o\000u\000r\000c\000e\000s}{chapter.6}% 40
\BOOKMARK [0][-]{chapter.7}{\376\377\000T\000h\000e\000\040\000P\000l\000a\000t\000f\000o\000r\000m}{}% 41
\BOOKMARK [1][-]{section.7.1}{\376\377\000I\000n\000t\000r\000o\000d\000u\000c\000t\000i\000o\000n\000\040\000t\000o\000\040\000r\000a\000f\000M\000e\000t\000r\000i\000c\000s\000\040\000p\000l\000a\000t\000f\000o\000r\000m}{chapter.7}% 42
\BOOKMARK [1][-]{section.7.2}{\376\377\000C\000o\000d\000e\000b\000a\000s\000e}{chapter.7}% 43
\BOOKMARK [1][-]{section.7.3}{\376\377\000T\000e\000c\000h\000n\000o\000l\000o\000g\000i\000e\000s}{chapter.7}% 44
\BOOKMARK [2][-]{subsection.7.3.1}{\376\377\000B\000a\000c\000k\000e\000n\000d}{section.7.3}% 45
\BOOKMARK [2][-]{subsection.7.3.2}{\376\377\000F\000r\000o\000n\000t\000e\000n\000d}{section.7.3}% 46
\BOOKMARK [2][-]{subsection.7.3.3}{\376\377\000D\000e\000p\000l\000o\000y\000m\000e\000n\000t}{section.7.3}% 47
\BOOKMARK [1][-]{section.7.4}{\376\377\000N\000e\000t\000w\000o\000r\000k\000i\000n\000g}{chapter.7}% 48
\BOOKMARK [1][-]{section.7.5}{\376\377\000A\000r\000c\000h\000i\000t\000e\000c\000t\000u\000r\000e}{chapter.7}% 49
\BOOKMARK [2][-]{subsection.7.5.1}{\376\377\000A\000r\000c\000h\000i\000t\000e\000c\000t\000u\000r\000e\000\040\000o\000v\000e\000r\000v\000i\000e\000w}{section.7.5}% 50
\BOOKMARK [2][-]{subsection.7.5.2}{\376\377\000C\000o\000m\000p\000o\000n\000e\000n\000t\000s}{section.7.5}% 51
\BOOKMARK [0][-]{chapter.8}{\376\377\000C\000h\000e\000s\000s\000-\000g\000a\000m\000e\000\040\000a\000n\000a\000l\000y\000s\000i\000s}{}% 52
\BOOKMARK [1][-]{section.8.1}{\376\377\000T\000h\000e\000\040\000g\000a\000m\000e\000\040\000o\000f\000\040\000c\000h\000e\000s\000s}{chapter.8}% 53
\BOOKMARK [1][-]{section.8.2}{\376\377\000C\000o\000m\000p\000u\000t\000i\000n\000g\000\040\000c\000h\000e\000s\000s}{chapter.8}% 54
\BOOKMARK [2][-]{subsection.8.2.1}{\376\377\000Z\000e\000r\000m\000e\000l\000o\000'\000s\000\040\000t\000h\000e\000o\000r\000e\000m}{section.8.2}% 55
\BOOKMARK [2][-]{subsection.8.2.2}{\376\377\000C\000h\000e\000s\000s\000\040\000c\000o\000m\000p\000l\000e\000x\000i\000t\000y\000\040\000u\000s\000i\000n\000g\000\040\000B\000a\000c\000h\000m\000a\000n\000n\000-\000L\000a\000n\000d\000a\000u\000\040\000n\000o\000t\000a\000t\000i\000o\000n\000s}{section.8.2}% 56
\BOOKMARK [2][-]{subsection.8.2.3}{\376\377\000P\000r\000e\000v\000i\000o\000u\000s\000\040\000w\000o\000r\000k}{section.8.2}% 57
\BOOKMARK [1][-]{section.8.3}{\376\377\000C\000h\000e\000s\000s\000\040\000i\000n\000\040\000r\000-\000C\000o\000m\000p\000l\000e\000x\000i\000t\000y}{chapter.8}% 58
\BOOKMARK [2][-]{subsection.8.3.1}{\376\377\000T\000h\000e\000\040\000d\000r\000e\000a\000m\000\040\000o\000f\000\040\000t\000h\000e\000\040\000p\000e\000r\000f\000e\000c\000t\000\040\000a\000l\000g\000o\000r\000i\000t\000h\000m}{section.8.3}% 59
